[12-01-2022 02:47:24]  Mensaje desde OnLoad:  Carga de formulario FrmMonitor_Load
[12-01-2022 02:47:24]  entro a Inicia desde Form1_Load:  
[12-01-2022 02:47:24]  Mensaje desde OnLoad:  Entro al IF FrmMonitor_Load
[12-01-2022 02:47:24]  Mensaje desde OnLoad:  Aplicación Monitor iniciado : 01/01/0001
[12-01-2022 02:47:24]  Mensaje desde Form1_Load:  Seguimiento: funcion Iniciar() 
[12-01-2022 02:47:34]  Mensaje desde Form1_Load:  Falla en Monitor < Falla en el cierre de MQ-Series > : 01/01/0001
[12-01-2022 02:47:55]  Mensaje desde OnTick:  Ejecución del Timer tmrMonitorMQTKT_Tick : 12/01/2022 02:47:24 p. m.
[12-01-2022 02:47:55]  Mensaje desde OnTick:  Valor de intgMonitor : 1
[12-01-2022 02:47:55]  Mensaje desde OnTick:  Valor de strFormatoTiempoBitacoras : M
[12-01-2022 02:47:56]  Mensaje desde OnTick:  valor de dblCiclosBitacoras : 10
[12-01-2022 02:47:56]  Mensaje desde OnTick:  Valor de intTiempoBitacoras : 1
[12-01-2022 02:48:20]  Mensaje desde OnTick:  Ejecución del Timer tmrMonitorMQTKT_Tick : 12/01/2022 02:47:24 p. m.
[12-01-2022 02:48:20]  Mensaje desde OnTick:  Valor de intgMonitor : 1
[12-01-2022 02:48:20]  Mensaje desde OnTick:  Valor de strFormatoTiempoBitacoras : M
[12-01-2022 02:48:20]  Mensaje desde OnTick:  valor de dblCiclosBitacoras : 20
[12-01-2022 02:48:20]  Mensaje desde OnTick:  Valor de intTiempoBitacoras : 1
[12-01-2022 02:48:23]  Mensaje desde OnTick:  Ejecución del Timer tmrMonitorMQTKT_Tick : 12/01/2022 02:47:24 p. m.
[12-01-2022 02:48:23]  Mensaje desde OnTick:  Valor de intgMonitor : 1
[12-01-2022 02:48:23]  Mensaje desde OnTick:  Valor de strFormatoTiempoBitacoras : M
[12-01-2022 02:48:23]  Mensaje desde OnTick:  valor de dblCiclosBitacoras : 30
[12-01-2022 02:48:23]  Mensaje desde OnTick:  Valor de intTiempoBitacoras : 1
[12-01-2022 02:48:30]  Mensaje desde OnTick:  Ejecución del Timer tmrMonitorMQTKT_Tick : 12/01/2022 02:47:24 p. m.
[12-01-2022 02:48:30]  Mensaje desde OnTick:  Valor de intgMonitor : 1
[12-01-2022 02:48:30]  Mensaje desde OnTick:  Valor de strFormatoTiempoBitacoras : M
[12-01-2022 02:48:30]  Mensaje desde OnTick:  valor de dblCiclosBitacoras : 40
[12-01-2022 02:48:30]  Mensaje desde OnTick:  Valor de intTiempoBitacoras : 1
[12-01-2022 02:48:35]  Mensaje desde OnTick:  Ejecución del Timer tmrMonitorMQTKT_Tick : 12/01/2022 02:47:24 p. m.
[12-01-2022 02:48:35]  Mensaje desde OnTick:  Valor de intgMonitor : 1
[12-01-2022 02:48:35]  Mensaje desde OnTick:  Valor de strFormatoTiempoBitacoras : M
[12-01-2022 02:48:35]  Mensaje desde OnTick:  valor de dblCiclosBitacoras : 50
[12-01-2022 02:48:35]  Mensaje desde OnTick:  Valor de intTiempoBitacoras : 1
[12-01-2022 02:48:35]  Mensaje desde OnTick:  Ejecución del Timer tmrMonitorMQTKT_Tick : 12/01/2022 02:47:24 p. m.
[12-01-2022 02:48:35]  Mensaje desde OnTick:  Valor de intgMonitor : 1
[12-01-2022 02:48:35]  Mensaje desde OnTick:  Valor de strFormatoTiempoBitacoras : M
[12-01-2022 02:48:35]  Mensaje desde OnTick:  valor de dblCiclosBitacoras : 60
[12-01-2022 02:48:35]  Mensaje desde OnTick:  Valor de intTiempoBitacoras : 1
[12-01-2022 02:48:35]  Mensaje desde OnTick:  Ejecutando TmrBitacora()... 
[12-01-2022 02:48:42]  Mensaje desde OnTick:  Ejecutando ActivarEnvioFuncAuto(F)... 
[12-01-2022 02:48:42]  Mensaje desde tmrMonitorMQTKT_Tick:  Entre  a ActivarEnvioFuncAuto(F)
[12-01-2022 02:48:45]  Mensaje desde OnTick:  Ejecutando ActivarEnvioFuncAuto(A)... 
[12-01-2022 02:48:45]  Mensaje desde tmrMonitorMQTKT_Tick:  Entre  a ActivarEnvioFuncAuto(A)
[12-01-2022 02:48:45]  Mensaje desde OnTick:  Ejecución del Timer tmrMonitorMQTKT_Tick : 12/01/2022 02:47:24 p. m.
[12-01-2022 02:48:45]  Mensaje desde OnTick:  Valor de intgMonitor : 1
[12-01-2022 02:48:45]  Mensaje desde OnTick:  Valor de strFormatoTiempoBitacoras : M
[12-01-2022 02:48:45]  Mensaje desde OnTick:  valor de dblCiclosBitacoras : 10
[12-01-2022 02:48:45]  Mensaje desde OnTick:  Valor de intTiempoBitacoras : 1
[12-01-2022 02:48:46]  Mensaje desde OnTick:  Ejecución del Timer tmrMonitorMQTKT_Tick : 12/01/2022 02:47:24 p. m.
[12-01-2022 02:48:46]  Mensaje desde OnTick:  Valor de intgMonitor : 1
[12-01-2022 02:48:46]  Mensaje desde OnTick:  Valor de strFormatoTiempoBitacoras : M
[12-01-2022 02:48:46]  Mensaje desde OnTick:  valor de dblCiclosBitacoras : 20
[12-01-2022 02:48:46]  Mensaje desde OnTick:  Valor de intTiempoBitacoras : 1
[12-01-2022 02:48:46]  Mensaje desde OnTick:  Ejecución del Timer tmrMonitorMQTKT_Tick : 12/01/2022 02:47:24 p. m.
[12-01-2022 02:48:46]  Mensaje desde OnTick:  Valor de intgMonitor : 1
[12-01-2022 02:48:46]  Mensaje desde OnTick:  Valor de strFormatoTiempoBitacoras : M
[12-01-2022 02:48:46]  Mensaje desde OnTick:  valor de dblCiclosBitacoras : 30
[12-01-2022 02:48:46]  Mensaje desde OnTick:  Valor de intTiempoBitacoras : 1
[12-01-2022 02:48:46]  Mensaje desde OnTick:  Ejecución del Timer tmrMonitorMQTKT_Tick : 12/01/2022 02:47:24 p. m.
[12-01-2022 02:48:46]  Mensaje desde OnTick:  Valor de intgMonitor : 1
[12-01-2022 02:48:46]  Mensaje desde OnTick:  Valor de strFormatoTiempoBitacoras : M
[12-01-2022 02:48:46]  Mensaje desde OnTick:  valor de dblCiclosBitacoras : 40
[12-01-2022 02:48:46]  Mensaje desde OnTick:  Valor de intTiempoBitacoras : 1
[12-01-2022 02:48:46]  Mensaje desde OnTick:  Ejecución del Timer tmrMonitorMQTKT_Tick : 12/01/2022 02:47:24 p. m.
[12-01-2022 02:48:46]  Mensaje desde OnTick:  Valor de intgMonitor : 1
[12-01-2022 02:48:46]  Mensaje desde OnTick:  Valor de strFormatoTiempoBitacoras : M
[12-01-2022 02:48:46]  Mensaje desde OnTick:  valor de dblCiclosBitacoras : 50
[12-01-2022 02:48:46]  Mensaje desde OnTick:  Valor de intTiempoBitacoras : 1
[12-01-2022 02:48:46]  Mensaje desde OnTick:  Ejecución del Timer tmrMonitorMQTKT_Tick : 12/01/2022 02:47:24 p. m.
[12-01-2022 02:48:46]  Mensaje desde OnTick:  Valor de intgMonitor : 1
[12-01-2022 02:48:46]  Mensaje desde OnTick:  Valor de strFormatoTiempoBitacoras : M
[12-01-2022 02:48:46]  Mensaje desde OnTick:  valor de dblCiclosBitacoras : 60
[12-01-2022 02:48:46]  Mensaje desde OnTick:  Valor de intTiempoBitacoras : 1
[12-01-2022 02:48:46]  Mensaje desde OnTick:  Ejecutando TmrBitacora()... 
[12-01-2022 02:48:51]  Mensaje desde OnTick:  Ejecutando TmrTKTMQ()... 
[12-01-2022 02:49:04]  Mensaje desde tmrMonitorMQTKT_Tick:  Estoy en... TmrTKTMQ()
