[13-01-2022 11:38:03]  Mensaje desde OnLoad:  Carga de formulario FrmMonitor_Load
[13-01-2022 11:38:03]  entro a Inicia desde Form1_Load:  
[13-01-2022 11:38:03]  Mensaje desde OnLoad:  Entro al IF FrmMonitor_Load
[13-01-2022 11:38:03]  Mensaje desde OnLoad:  Aplicación Monitor iniciado : 01/01/0001
[13-01-2022 11:38:03]  Mensaje desde Form1_Load:  Seguimiento: funcion Iniciar() 
[13-01-2022 11:38:05]  Mensaje desde Form1_Load:  Falla en Monitor < Falla en el cierre de MQ-Series > : 01/01/0001
[13-01-2022 11:38:06]  Mensaje desde OnTick:  Ejecución del Timer tmrMonitorMQTKT_Tick : 13/01/2022 11:38:03 a. m.
[13-01-2022 11:38:06]  Mensaje desde OnTick:  Valor de intgMonitor : 1
[13-01-2022 11:38:06]  Mensaje desde OnTick:  Valor de strFormatoTiempoBitacoras : M
[13-01-2022 11:38:06]  Mensaje desde OnTick:  valor de dblCiclosBitacoras : 10
[13-01-2022 11:38:06]  Mensaje desde OnTick:  Valor de intTiempoBitacoras : 1
[13-01-2022 11:38:06]  Mensaje desde OnTick:  Ejecución del Timer tmrMonitorMQTKT_Tick : 13/01/2022 11:38:03 a. m.
[13-01-2022 11:38:06]  Mensaje desde OnTick:  Valor de intgMonitor : 1
[13-01-2022 11:38:06]  Mensaje desde OnTick:  Valor de strFormatoTiempoBitacoras : M
[13-01-2022 11:38:06]  Mensaje desde OnTick:  valor de dblCiclosBitacoras : 20
[13-01-2022 11:38:06]  Mensaje desde OnTick:  Valor de intTiempoBitacoras : 1
[13-01-2022 11:38:06]  Mensaje desde OnTick:  Ejecución del Timer tmrMonitorMQTKT_Tick : 13/01/2022 11:38:03 a. m.
[13-01-2022 11:38:06]  Mensaje desde OnTick:  Valor de intgMonitor : 1
[13-01-2022 11:38:06]  Mensaje desde OnTick:  Valor de strFormatoTiempoBitacoras : M
[13-01-2022 11:38:06]  Mensaje desde OnTick:  valor de dblCiclosBitacoras : 30
[13-01-2022 11:38:06]  Mensaje desde OnTick:  Valor de intTiempoBitacoras : 1
[13-01-2022 11:38:06]  Mensaje desde OnTick:  Ejecución del Timer tmrMonitorMQTKT_Tick : 13/01/2022 11:38:03 a. m.
[13-01-2022 11:38:06]  Mensaje desde OnTick:  Valor de intgMonitor : 1
[13-01-2022 11:38:06]  Mensaje desde OnTick:  Valor de strFormatoTiempoBitacoras : M
[13-01-2022 11:38:06]  Mensaje desde OnTick:  valor de dblCiclosBitacoras : 40
[13-01-2022 11:38:06]  Mensaje desde OnTick:  Valor de intTiempoBitacoras : 1
[13-01-2022 11:38:06]  Mensaje desde OnTick:  Ejecución del Timer tmrMonitorMQTKT_Tick : 13/01/2022 11:38:03 a. m.
[13-01-2022 11:38:06]  Mensaje desde OnTick:  Valor de intgMonitor : 1
[13-01-2022 11:38:06]  Mensaje desde OnTick:  Valor de strFormatoTiempoBitacoras : M
[13-01-2022 11:38:06]  Mensaje desde OnTick:  valor de dblCiclosBitacoras : 50
[13-01-2022 11:38:06]  Mensaje desde OnTick:  Valor de intTiempoBitacoras : 1
[13-01-2022 11:38:06]  Mensaje desde OnTick:  Ejecución del Timer tmrMonitorMQTKT_Tick : 13/01/2022 11:38:03 a. m.
[13-01-2022 11:38:06]  Mensaje desde OnTick:  Valor de intgMonitor : 1
[13-01-2022 11:38:06]  Mensaje desde OnTick:  Valor de strFormatoTiempoBitacoras : M
[13-01-2022 11:38:06]  Mensaje desde OnTick:  valor de dblCiclosBitacoras : 60
[13-01-2022 11:38:06]  Mensaje desde OnTick:  Valor de intTiempoBitacoras : 1
[13-01-2022 11:38:06]  Mensaje desde OnTick:  Ejecutando TmrBitacora()... 
[13-01-2022 11:38:09]  Mensaje desde OnTick:  Ejecutando ActivarEnvioFuncAuto(F)... 
[13-01-2022 11:38:09]  Mensaje desde tmrMonitorMQTKT_Tick:  Entre  a ActivarEnvioFuncAuto(F)
[13-01-2022 11:38:09]  Mensaje desde OnTick:  Ejecutando ActivarEnvioFuncAuto(A)... 
[13-01-2022 11:38:09]  Mensaje desde tmrMonitorMQTKT_Tick:  Entre  a ActivarEnvioFuncAuto(A)
[13-01-2022 11:38:10]  Mensaje desde OnTick:  Ejecución del Timer tmrMonitorMQTKT_Tick : 13/01/2022 11:38:03 a. m.
[13-01-2022 11:38:10]  Mensaje desde OnTick:  Valor de intgMonitor : 1
[13-01-2022 11:38:10]  Mensaje desde OnTick:  Valor de strFormatoTiempoBitacoras : M
[13-01-2022 11:38:10]  Mensaje desde OnTick:  valor de dblCiclosBitacoras : 10
[13-01-2022 11:38:10]  Mensaje desde OnTick:  Valor de intTiempoBitacoras : 1
[13-01-2022 11:38:10]  Mensaje desde OnTick:  Ejecución del Timer tmrMonitorMQTKT_Tick : 13/01/2022 11:38:03 a. m.
[13-01-2022 11:38:10]  Mensaje desde OnTick:  Valor de intgMonitor : 1
[13-01-2022 11:38:10]  Mensaje desde OnTick:  Valor de strFormatoTiempoBitacoras : M
[13-01-2022 11:38:10]  Mensaje desde OnTick:  valor de dblCiclosBitacoras : 20
[13-01-2022 11:38:10]  Mensaje desde OnTick:  Valor de intTiempoBitacoras : 1
[13-01-2022 11:38:10]  Mensaje desde OnTick:  Ejecución del Timer tmrMonitorMQTKT_Tick : 13/01/2022 11:38:03 a. m.
[13-01-2022 11:38:10]  Mensaje desde OnTick:  Valor de intgMonitor : 1
[13-01-2022 11:38:10]  Mensaje desde OnTick:  Valor de strFormatoTiempoBitacoras : M
[13-01-2022 11:38:10]  Mensaje desde OnTick:  valor de dblCiclosBitacoras : 30
[13-01-2022 11:38:10]  Mensaje desde OnTick:  Valor de intTiempoBitacoras : 1
[13-01-2022 11:38:10]  Mensaje desde OnTick:  Ejecución del Timer tmrMonitorMQTKT_Tick : 13/01/2022 11:38:03 a. m.
[13-01-2022 11:38:10]  Mensaje desde OnTick:  Valor de intgMonitor : 1
[13-01-2022 11:38:10]  Mensaje desde OnTick:  Valor de strFormatoTiempoBitacoras : M
[13-01-2022 11:38:10]  Mensaje desde OnTick:  valor de dblCiclosBitacoras : 40
[13-01-2022 11:38:10]  Mensaje desde OnTick:  Valor de intTiempoBitacoras : 1
[13-01-2022 11:38:10]  Mensaje desde OnTick:  Ejecución del Timer tmrMonitorMQTKT_Tick : 13/01/2022 11:38:03 a. m.
[13-01-2022 11:38:10]  Mensaje desde OnTick:  Valor de intgMonitor : 1
[13-01-2022 11:38:10]  Mensaje desde OnTick:  Valor de strFormatoTiempoBitacoras : M
[13-01-2022 11:38:10]  Mensaje desde OnTick:  valor de dblCiclosBitacoras : 50
[13-01-2022 11:38:10]  Mensaje desde OnTick:  Valor de intTiempoBitacoras : 1
[13-01-2022 11:38:10]  Mensaje desde OnTick:  Ejecución del Timer tmrMonitorMQTKT_Tick : 13/01/2022 11:38:03 a. m.
[13-01-2022 11:38:10]  Mensaje desde OnTick:  Valor de intgMonitor : 1
[13-01-2022 11:38:10]  Mensaje desde OnTick:  Valor de strFormatoTiempoBitacoras : M
[13-01-2022 11:38:10]  Mensaje desde OnTick:  valor de dblCiclosBitacoras : 60
[13-01-2022 11:38:10]  Mensaje desde OnTick:  Valor de intTiempoBitacoras : 1
[13-01-2022 11:38:10]  Mensaje desde OnTick:  Ejecutando TmrBitacora()... 
[13-01-2022 11:38:13]  Mensaje desde OnTick:  Ejecutando TmrTKTMQ()... 
[13-01-2022 11:38:19]  Mensaje desde tmrMonitorMQTKT_Tick:  Estoy en... TmrTKTMQ()
[13-01-2022 11:38:26] *Error desde TmrTKTMQ:  Referencia a objeto no establecida como instancia de un objeto. *InnerException:  *Source: ConsumiendoDll_ServicioMonitor  *Data: System.Collections.ListDictionaryInternal  *HelpLink:   *StackTrace:    en ConsumiendoDll_ServicioMonitor.Form1.RevisaMQ(String MQManager, String MQQLectura, String MQQEscritura, String psOtros) en C:\Users\MI05332\source\repos\Monitor\ConsumiendoDll_ServicioMonitor\ConsumiendoDll_ServicioMonitor\Form1.cs:línea 465  *HResult: -2147467261  *TargetSite: Double RevisaMQ(System.String, System.String, System.String, System.String)  
[13-01-2022 11:38:26]  Mensaje desde TmrTKTMQ:  Monitor error al ejecutar el proceso de TKTMQ el 01/01/0001
[13-01-2022 11:38:26]  Mensaje desde OnTick:  Ejecutando ActivarEnvioFuncAuto(F)... 
[13-01-2022 11:38:26]  Mensaje desde tmrMonitorMQTKT_Tick:  Entre  a ActivarEnvioFuncAuto(F)
[13-01-2022 11:38:27]  Mensaje desde OnTick:  Ejecutando ActivarEnvioFuncAuto(A)... 
[13-01-2022 11:38:27]  Mensaje desde tmrMonitorMQTKT_Tick:  Entre  a ActivarEnvioFuncAuto(A)
[13-01-2022 11:38:28]  Mensaje desde OnTick:  Ejecución del Timer tmrMonitorMQTKT_Tick : 13/01/2022 11:38:03 a. m.
[13-01-2022 11:38:28]  Mensaje desde OnTick:  Valor de intgMonitor : 1
[13-01-2022 11:38:28]  Mensaje desde OnTick:  Valor de strFormatoTiempoBitacoras : M
[13-01-2022 11:38:28]  Mensaje desde OnTick:  valor de dblCiclosBitacoras : 10
[13-01-2022 11:38:28]  Mensaje desde OnTick:  Valor de intTiempoBitacoras : 1
[13-01-2022 11:38:28]  Mensaje desde OnTick:  Ejecución del Timer tmrMonitorMQTKT_Tick : 13/01/2022 11:38:03 a. m.
[13-01-2022 11:38:28]  Mensaje desde OnTick:  Valor de intgMonitor : 1
[13-01-2022 11:38:28]  Mensaje desde OnTick:  Valor de strFormatoTiempoBitacoras : M
[13-01-2022 11:38:28]  Mensaje desde OnTick:  valor de dblCiclosBitacoras : 20
[13-01-2022 11:38:28]  Mensaje desde OnTick:  Valor de intTiempoBitacoras : 1
[13-01-2022 11:38:28]  Mensaje desde OnTick:  Ejecución del Timer tmrMonitorMQTKT_Tick : 13/01/2022 11:38:03 a. m.
[13-01-2022 11:38:28]  Mensaje desde OnTick:  Valor de intgMonitor : 1
[13-01-2022 11:38:28]  Mensaje desde OnTick:  Valor de strFormatoTiempoBitacoras : M
[13-01-2022 11:38:28]  Mensaje desde OnTick:  valor de dblCiclosBitacoras : 30
[13-01-2022 11:38:28]  Mensaje desde OnTick:  Valor de intTiempoBitacoras : 1
[13-01-2022 11:38:28]  Mensaje desde OnTick:  Ejecución del Timer tmrMonitorMQTKT_Tick : 13/01/2022 11:38:03 a. m.
[13-01-2022 11:38:28]  Mensaje desde OnTick:  Valor de intgMonitor : 1
[13-01-2022 11:38:28]  Mensaje desde OnTick:  Valor de strFormatoTiempoBitacoras : M
[13-01-2022 11:38:28]  Mensaje desde OnTick:  valor de dblCiclosBitacoras : 40
[13-01-2022 11:38:28]  Mensaje desde OnTick:  Valor de intTiempoBitacoras : 1
[13-01-2022 11:38:28]  Mensaje desde OnTick:  Ejecución del Timer tmrMonitorMQTKT_Tick : 13/01/2022 11:38:03 a. m.
[13-01-2022 11:38:28]  Mensaje desde OnTick:  Valor de intgMonitor : 1
[13-01-2022 11:38:28]  Mensaje desde OnTick:  Valor de strFormatoTiempoBitacoras : M
[13-01-2022 11:38:28]  Mensaje desde OnTick:  valor de dblCiclosBitacoras : 50
[13-01-2022 11:38:28]  Mensaje desde OnTick:  Valor de intTiempoBitacoras : 1
[13-01-2022 11:38:28]  Mensaje desde OnTick:  Ejecución del Timer tmrMonitorMQTKT_Tick : 13/01/2022 11:38:03 a. m.
[13-01-2022 11:38:28]  Mensaje desde OnTick:  Valor de intgMonitor : 1
[13-01-2022 11:38:28]  Mensaje desde OnTick:  Valor de strFormatoTiempoBitacoras : M
[13-01-2022 11:38:28]  Mensaje desde OnTick:  valor de dblCiclosBitacoras : 60
[13-01-2022 11:38:28]  Mensaje desde OnTick:  Valor de intTiempoBitacoras : 1
[13-01-2022 11:38:28]  Mensaje desde OnTick:  Ejecutando TmrBitacora()... 
[13-01-2022 11:38:29]  Mensaje desde OnTick:  Ejecutando ActivarEnvioFuncAuto(F)... 
[13-01-2022 11:38:29]  Mensaje desde tmrMonitorMQTKT_Tick:  Entre  a ActivarEnvioFuncAuto(F)
[13-01-2022 11:38:29]  Mensaje desde OnTick:  Ejecutando ActivarEnvioFuncAuto(A)... 
[13-01-2022 11:38:29]  Mensaje desde tmrMonitorMQTKT_Tick:  Entre  a ActivarEnvioFuncAuto(A)
[13-01-2022 11:38:29]  Mensaje desde OnTick:  Ejecución del Timer tmrMonitorMQTKT_Tick : 13/01/2022 11:38:03 a. m.
[13-01-2022 11:38:29]  Mensaje desde OnTick:  Valor de intgMonitor : 1
[13-01-2022 11:38:29]  Mensaje desde OnTick:  Valor de strFormatoTiempoBitacoras : M
[13-01-2022 11:38:29]  Mensaje desde OnTick:  valor de dblCiclosBitacoras : 10
[13-01-2022 11:38:29]  Mensaje desde OnTick:  Valor de intTiempoBitacoras : 1
[13-01-2022 11:38:29]  Mensaje desde OnTick:  Ejecución del Timer tmrMonitorMQTKT_Tick : 13/01/2022 11:38:03 a. m.
[13-01-2022 11:38:29]  Mensaje desde OnTick:  Valor de intgMonitor : 1
[13-01-2022 11:38:29]  Mensaje desde OnTick:  Valor de strFormatoTiempoBitacoras : M
[13-01-2022 11:38:29]  Mensaje desde OnTick:  valor de dblCiclosBitacoras : 20
[13-01-2022 11:38:29]  Mensaje desde OnTick:  Valor de intTiempoBitacoras : 1
[13-01-2022 11:38:29]  Mensaje desde OnTick:  Ejecución del Timer tmrMonitorMQTKT_Tick : 13/01/2022 11:38:03 a. m.
[13-01-2022 11:38:29]  Mensaje desde OnTick:  Valor de intgMonitor : 1
[13-01-2022 11:38:29]  Mensaje desde OnTick:  Valor de strFormatoTiempoBitacoras : M
[13-01-2022 11:38:29]  Mensaje desde OnTick:  valor de dblCiclosBitacoras : 30
[13-01-2022 11:38:29]  Mensaje desde OnTick:  Valor de intTiempoBitacoras : 1
[13-01-2022 11:38:29]  Mensaje desde OnTick:  Ejecución del Timer tmrMonitorMQTKT_Tick : 13/01/2022 11:38:03 a. m.
[13-01-2022 11:38:29]  Mensaje desde OnTick:  Valor de intgMonitor : 1
[13-01-2022 11:38:29]  Mensaje desde OnTick:  Valor de strFormatoTiempoBitacoras : M
[13-01-2022 11:38:29]  Mensaje desde OnTick:  valor de dblCiclosBitacoras : 40
[13-01-2022 11:38:29]  Mensaje desde OnTick:  Valor de intTiempoBitacoras : 1
[13-01-2022 11:38:30]  Mensaje desde OnTick:  Ejecución del Timer tmrMonitorMQTKT_Tick : 13/01/2022 11:38:03 a. m.
[13-01-2022 11:38:30]  Mensaje desde OnTick:  Valor de intgMonitor : 1
[13-01-2022 11:38:30]  Mensaje desde OnTick:  Valor de strFormatoTiempoBitacoras : M
[13-01-2022 11:38:30]  Mensaje desde OnTick:  valor de dblCiclosBitacoras : 50
[13-01-2022 11:38:30]  Mensaje desde OnTick:  Valor de intTiempoBitacoras : 1
