[26-11-2021 12:12:39]  Mensaje desde OnLoad:  Carga de formulario FrmMonitor_Load
[26-11-2021 12:12:39]  entro a Inicia desde Form1_Load:  
[26-11-2021 12:12:39]  Mensaje desde OnLoad:  Entro al IF FrmMonitor_Load
[26-11-2021 12:12:39]  Mensaje desde OnLoad:  Aplicación Monitor iniciado : 01/01/0001
[26-11-2021 12:12:39]  Mensaje desde Form1_Load:  Seguimiento: funcion Iniciar() 
[26-11-2021 12:12:40]  Mensaje desde Form1_Load:  Falla en Monitor < Falla en el cierre de MQ-Series > : 01/01/0001
[26-11-2021 12:12:40]  Mensaje desde OnTick:  Ejecución del Timer tmrMonitorMQTKT_Tick : 26/11/2021 12:12:39 p. m.
[26-11-2021 12:12:40]  Mensaje desde OnTick:  Valor de intgMonitor : 1
[26-11-2021 12:12:40]  Mensaje desde OnTick:  Valor de strFormatoTiempoBitacoras : M
[26-11-2021 12:12:40]  Mensaje desde OnTick:  valor de dblCiclosBitacoras : 10
[26-11-2021 12:12:40]  Mensaje desde OnTick:  Valor de intTiempoBitacoras : 1
[26-11-2021 12:12:40]  Mensaje desde OnTick:  Ejecución del Timer tmrMonitorMQTKT_Tick : 26/11/2021 12:12:39 p. m.
[26-11-2021 12:12:40]  Mensaje desde OnTick:  Valor de intgMonitor : 1
[26-11-2021 12:12:40]  Mensaje desde OnTick:  Valor de strFormatoTiempoBitacoras : M
[26-11-2021 12:12:40]  Mensaje desde OnTick:  valor de dblCiclosBitacoras : 20
[26-11-2021 12:12:40]  Mensaje desde OnTick:  Valor de intTiempoBitacoras : 1
[26-11-2021 12:12:40]  Mensaje desde OnTick:  Ejecución del Timer tmrMonitorMQTKT_Tick : 26/11/2021 12:12:39 p. m.
[26-11-2021 12:12:40]  Mensaje desde OnTick:  Valor de intgMonitor : 1
[26-11-2021 12:12:40]  Mensaje desde OnTick:  Valor de strFormatoTiempoBitacoras : M
[26-11-2021 12:12:40]  Mensaje desde OnTick:  valor de dblCiclosBitacoras : 30
[26-11-2021 12:12:40]  Mensaje desde OnTick:  Valor de intTiempoBitacoras : 1
[26-11-2021 12:12:40]  Mensaje desde OnTick:  Ejecución del Timer tmrMonitorMQTKT_Tick : 26/11/2021 12:12:39 p. m.
[26-11-2021 12:12:40]  Mensaje desde OnTick:  Valor de intgMonitor : 1
[26-11-2021 12:12:40]  Mensaje desde OnTick:  Valor de strFormatoTiempoBitacoras : M
[26-11-2021 12:12:40]  Mensaje desde OnTick:  valor de dblCiclosBitacoras : 40
[26-11-2021 12:12:40]  Mensaje desde OnTick:  Valor de intTiempoBitacoras : 1
[26-11-2021 12:12:40]  Mensaje desde OnTick:  Ejecución del Timer tmrMonitorMQTKT_Tick : 26/11/2021 12:12:39 p. m.
[26-11-2021 12:12:40]  Mensaje desde OnTick:  Valor de intgMonitor : 1
[26-11-2021 12:12:40]  Mensaje desde OnTick:  Valor de strFormatoTiempoBitacoras : M
[26-11-2021 12:12:40]  Mensaje desde OnTick:  valor de dblCiclosBitacoras : 50
[26-11-2021 12:12:40]  Mensaje desde OnTick:  Valor de intTiempoBitacoras : 1
[26-11-2021 12:12:40]  Mensaje desde OnTick:  Ejecución del Timer tmrMonitorMQTKT_Tick : 26/11/2021 12:12:39 p. m.
[26-11-2021 12:12:40]  Mensaje desde OnTick:  Valor de intgMonitor : 1
[26-11-2021 12:12:40]  Mensaje desde OnTick:  Valor de strFormatoTiempoBitacoras : M
[26-11-2021 12:12:40]  Mensaje desde OnTick:  valor de dblCiclosBitacoras : 60
[26-11-2021 12:12:40]  Mensaje desde OnTick:  Valor de intTiempoBitacoras : 1
[26-11-2021 12:12:40]  Mensaje desde OnTick:  Ejecutando TmrBitacora()... 
[26-11-2021 12:30:31]  Mensaje desde OnLoad:  Carga de formulario FrmMonitor_Load
[26-11-2021 12:30:31]  entro a Inicia desde Form1_Load:  
[26-11-2021 12:30:31]  Mensaje desde OnLoad:  Entro al IF FrmMonitor_Load
[26-11-2021 12:30:31]  Mensaje desde OnLoad:  Aplicación Monitor iniciado : 01/01/0001
[26-11-2021 12:30:31]  Mensaje desde Form1_Load:  Seguimiento: funcion Iniciar() 
[26-11-2021 12:30:33]  Mensaje desde Form1_Load:  Falla en Monitor < Falla en el cierre de MQ-Series > : 01/01/0001
[26-11-2021 12:30:33]  Mensaje desde OnTick:  Ejecución del Timer tmrMonitorMQTKT_Tick : 26/11/2021 12:30:31 p. m.
[26-11-2021 12:30:33]  Mensaje desde OnTick:  Valor de intgMonitor : 1
[26-11-2021 12:30:33]  Mensaje desde OnTick:  Valor de strFormatoTiempoBitacoras : M
[26-11-2021 12:30:33]  Mensaje desde OnTick:  valor de dblCiclosBitacoras : 10
[26-11-2021 12:30:33]  Mensaje desde OnTick:  Valor de intTiempoBitacoras : 1
[26-11-2021 12:30:34]  Mensaje desde OnTick:  Ejecución del Timer tmrMonitorMQTKT_Tick : 26/11/2021 12:30:31 p. m.
[26-11-2021 12:30:34]  Mensaje desde OnTick:  Valor de intgMonitor : 1
[26-11-2021 12:30:34]  Mensaje desde OnTick:  Valor de strFormatoTiempoBitacoras : M
[26-11-2021 12:30:34]  Mensaje desde OnTick:  valor de dblCiclosBitacoras : 20
[26-11-2021 12:30:34]  Mensaje desde OnTick:  Valor de intTiempoBitacoras : 1
[26-11-2021 12:30:34]  Mensaje desde OnTick:  Ejecución del Timer tmrMonitorMQTKT_Tick : 26/11/2021 12:30:31 p. m.
[26-11-2021 12:30:34]  Mensaje desde OnTick:  Valor de intgMonitor : 1
[26-11-2021 12:30:34]  Mensaje desde OnTick:  Valor de strFormatoTiempoBitacoras : M
[26-11-2021 12:30:34]  Mensaje desde OnTick:  valor de dblCiclosBitacoras : 30
[26-11-2021 12:30:34]  Mensaje desde OnTick:  Valor de intTiempoBitacoras : 1
[26-11-2021 12:30:34]  Mensaje desde OnTick:  Ejecución del Timer tmrMonitorMQTKT_Tick : 26/11/2021 12:30:31 p. m.
[26-11-2021 12:30:34]  Mensaje desde OnTick:  Valor de intgMonitor : 1
[26-11-2021 12:30:34]  Mensaje desde OnTick:  Valor de strFormatoTiempoBitacoras : M
[26-11-2021 12:30:34]  Mensaje desde OnTick:  valor de dblCiclosBitacoras : 40
[26-11-2021 12:30:34]  Mensaje desde OnTick:  Valor de intTiempoBitacoras : 1
[26-11-2021 12:30:34]  Mensaje desde OnTick:  Ejecución del Timer tmrMonitorMQTKT_Tick : 26/11/2021 12:30:31 p. m.
[26-11-2021 12:30:34]  Mensaje desde OnTick:  Valor de intgMonitor : 1
[26-11-2021 12:30:34]  Mensaje desde OnTick:  Valor de strFormatoTiempoBitacoras : M
[26-11-2021 12:30:34]  Mensaje desde OnTick:  valor de dblCiclosBitacoras : 50
[26-11-2021 12:30:34]  Mensaje desde OnTick:  Valor de intTiempoBitacoras : 1
[26-11-2021 12:30:34]  Mensaje desde OnTick:  Ejecución del Timer tmrMonitorMQTKT_Tick : 26/11/2021 12:30:31 p. m.
[26-11-2021 12:30:34]  Mensaje desde OnTick:  Valor de intgMonitor : 1
[26-11-2021 12:30:34]  Mensaje desde OnTick:  Valor de strFormatoTiempoBitacoras : M
[26-11-2021 12:30:34]  Mensaje desde OnTick:  valor de dblCiclosBitacoras : 60
[26-11-2021 12:30:34]  Mensaje desde OnTick:  Valor de intTiempoBitacoras : 1
[26-11-2021 12:30:34]  Mensaje desde OnTick:  Ejecutando TmrBitacora()... 
[26-11-2021 12:41:29]  Mensaje desde OnLoad:  Carga de formulario FrmMonitor_Load
[26-11-2021 12:41:29]  entro a Inicia desde Form1_Load:  
[26-11-2021 12:41:29]  Mensaje desde OnLoad:  Entro al IF FrmMonitor_Load
[26-11-2021 12:41:29]  Mensaje desde OnLoad:  Aplicación Monitor iniciado : 01/01/0001
[26-11-2021 12:41:29]  Mensaje desde Form1_Load:  Seguimiento: funcion Iniciar() 
[26-11-2021 12:41:29]  Mensaje desde Form1_Load:  Monitor iniciado en modo de procesamiento: 01/01/0001
[26-11-2021 12:41:29]  Mensaje desde Form1_Load:  (2)Escribiendo en AppSettings: 27/11/2021 12:41:29 p. m.
[26-11-2021 12:41:29]  Mensaje desde OnTick:  Ejecución del Timer tmrMonitorMQTKT_Tick : 26/11/2021 12:41:29 p. m.
[26-11-2021 12:41:29]  Mensaje desde OnTick:  Valor de intgMonitor : 1
[26-11-2021 12:41:29]  Mensaje desde OnTick:  Valor de strFormatoTiempoBitacoras : M
[26-11-2021 12:41:29]  Mensaje desde OnTick:  valor de dblCiclosBitacoras : 10
[26-11-2021 12:41:29]  Mensaje desde OnTick:  Valor de intTiempoBitacoras : 1
[26-11-2021 12:41:29]  Mensaje desde OnTick:  Ejecución del Timer tmrMonitorMQTKT_Tick : 26/11/2021 12:41:29 p. m.
[26-11-2021 12:41:29]  Mensaje desde OnTick:  Valor de intgMonitor : 1
[26-11-2021 12:41:29]  Mensaje desde OnTick:  Valor de strFormatoTiempoBitacoras : M
[26-11-2021 12:41:29]  Mensaje desde OnTick:  valor de dblCiclosBitacoras : 20
[26-11-2021 12:41:29]  Mensaje desde OnTick:  Valor de intTiempoBitacoras : 1
[26-11-2021 12:41:29]  Mensaje desde OnTick:  Ejecución del Timer tmrMonitorMQTKT_Tick : 26/11/2021 12:41:29 p. m.
[26-11-2021 12:41:29]  Mensaje desde OnTick:  Valor de intgMonitor : 1
[26-11-2021 12:41:29]  Mensaje desde OnTick:  Valor de strFormatoTiempoBitacoras : M
[26-11-2021 12:41:29]  Mensaje desde OnTick:  valor de dblCiclosBitacoras : 30
[26-11-2021 12:41:29]  Mensaje desde OnTick:  Valor de intTiempoBitacoras : 1
[26-11-2021 12:41:29]  Mensaje desde OnTick:  Ejecución del Timer tmrMonitorMQTKT_Tick : 26/11/2021 12:41:29 p. m.
[26-11-2021 12:41:29]  Mensaje desde OnTick:  Valor de intgMonitor : 1
[26-11-2021 12:41:29]  Mensaje desde OnTick:  Valor de strFormatoTiempoBitacoras : M
[26-11-2021 12:41:29]  Mensaje desde OnTick:  valor de dblCiclosBitacoras : 40
[26-11-2021 12:41:29]  Mensaje desde OnTick:  Valor de intTiempoBitacoras : 1
[26-11-2021 12:41:29]  Mensaje desde OnTick:  Ejecución del Timer tmrMonitorMQTKT_Tick : 26/11/2021 12:41:29 p. m.
[26-11-2021 12:41:29]  Mensaje desde OnTick:  Valor de intgMonitor : 1
[26-11-2021 12:41:29]  Mensaje desde OnTick:  Valor de strFormatoTiempoBitacoras : M
[26-11-2021 12:41:29]  Mensaje desde OnTick:  valor de dblCiclosBitacoras : 50
[26-11-2021 12:41:29]  Mensaje desde OnTick:  Valor de intTiempoBitacoras : 1
[26-11-2021 12:41:29]  Mensaje desde OnTick:  Ejecución del Timer tmrMonitorMQTKT_Tick : 26/11/2021 12:41:29 p. m.
[26-11-2021 12:41:29]  Mensaje desde OnTick:  Valor de intgMonitor : 1
[26-11-2021 12:41:29]  Mensaje desde OnTick:  Valor de strFormatoTiempoBitacoras : M
[26-11-2021 12:41:29]  Mensaje desde OnTick:  valor de dblCiclosBitacoras : 60
[26-11-2021 12:41:29]  Mensaje desde OnTick:  Valor de intTiempoBitacoras : 1
[26-11-2021 12:41:29]  Mensaje desde OnTick:  Ejecutando TmrBitacora()... 
