[30-11-2021 10:52:57]  Mensaje desde OnLoad:  Carga de formulario FrmMonitor_Load
[30-11-2021 10:52:57]  entro a Inicia desde Form1_Load:  
[30-11-2021 10:52:57]  Mensaje desde OnLoad:  Entro al IF FrmMonitor_Load
[30-11-2021 10:52:57]  Mensaje desde OnLoad:  Aplicación Monitor iniciado : 01/01/0001
[30-11-2021 10:52:57]  Mensaje desde Form1_Load:  Seguimiento: funcion Iniciar() 
[30-11-2021 10:52:59]  Mensaje desde Form1_Load:  Falla en Monitor < Falla en el cierre de MQ-Series > : 01/01/0001
[30-11-2021 10:52:59]  Mensaje desde OnTick:  Ejecución del Timer tmrMonitorMQTKT_Tick : 30/11/2021 10:52:57 a. m.
[30-11-2021 10:52:59]  Mensaje desde OnTick:  Valor de intgMonitor : 1
[30-11-2021 10:52:59]  Mensaje desde OnTick:  Valor de strFormatoTiempoBitacoras : M
[30-11-2021 10:52:59]  Mensaje desde OnTick:  valor de dblCiclosBitacoras : 10
[30-11-2021 10:52:59]  Mensaje desde OnTick:  Valor de intTiempoBitacoras : 1
[30-11-2021 10:52:59]  Mensaje desde OnTick:  Ejecución del Timer tmrMonitorMQTKT_Tick : 30/11/2021 10:52:57 a. m.
[30-11-2021 10:52:59]  Mensaje desde OnTick:  Valor de intgMonitor : 1
[30-11-2021 10:52:59]  Mensaje desde OnTick:  Valor de strFormatoTiempoBitacoras : M
[30-11-2021 10:52:59]  Mensaje desde OnTick:  valor de dblCiclosBitacoras : 20
[30-11-2021 10:52:59]  Mensaje desde OnTick:  Valor de intTiempoBitacoras : 1
[30-11-2021 10:52:59]  Mensaje desde OnTick:  Ejecución del Timer tmrMonitorMQTKT_Tick : 30/11/2021 10:52:57 a. m.
[30-11-2021 10:52:59]  Mensaje desde OnTick:  Valor de intgMonitor : 1
[30-11-2021 10:52:59]  Mensaje desde OnTick:  Valor de strFormatoTiempoBitacoras : M
[30-11-2021 10:52:59]  Mensaje desde OnTick:  valor de dblCiclosBitacoras : 30
[30-11-2021 10:52:59]  Mensaje desde OnTick:  Valor de intTiempoBitacoras : 1
[30-11-2021 10:52:59]  Mensaje desde OnTick:  Ejecución del Timer tmrMonitorMQTKT_Tick : 30/11/2021 10:52:57 a. m.
[30-11-2021 10:52:59]  Mensaje desde OnTick:  Valor de intgMonitor : 1
[30-11-2021 10:52:59]  Mensaje desde OnTick:  Valor de strFormatoTiempoBitacoras : M
[30-11-2021 10:52:59]  Mensaje desde OnTick:  valor de dblCiclosBitacoras : 40
[30-11-2021 10:52:59]  Mensaje desde OnTick:  Valor de intTiempoBitacoras : 1
[30-11-2021 10:52:59]  Mensaje desde OnTick:  Ejecución del Timer tmrMonitorMQTKT_Tick : 30/11/2021 10:52:57 a. m.
[30-11-2021 10:52:59]  Mensaje desde OnTick:  Valor de intgMonitor : 1
[30-11-2021 10:52:59]  Mensaje desde OnTick:  Valor de strFormatoTiempoBitacoras : M
[30-11-2021 10:52:59]  Mensaje desde OnTick:  valor de dblCiclosBitacoras : 50
[30-11-2021 10:52:59]  Mensaje desde OnTick:  Valor de intTiempoBitacoras : 1
[30-11-2021 10:52:59]  Mensaje desde OnTick:  Ejecución del Timer tmrMonitorMQTKT_Tick : 30/11/2021 10:52:57 a. m.
[30-11-2021 10:52:59]  Mensaje desde OnTick:  Valor de intgMonitor : 1
[30-11-2021 10:52:59]  Mensaje desde OnTick:  Valor de strFormatoTiempoBitacoras : M
[30-11-2021 10:52:59]  Mensaje desde OnTick:  valor de dblCiclosBitacoras : 60
[30-11-2021 10:52:59]  Mensaje desde OnTick:  Valor de intTiempoBitacoras : 1
[30-11-2021 10:52:59]  Mensaje desde OnTick:  Ejecutando TmrBitacora()... 
[30-11-2021 10:53:46]  Mensaje desde OnTick:  Ejecutando ActivarEnvioFuncAuto(F)... 
[30-11-2021 10:53:46]  Mensaje desde tmrMonitorMQTKT_Tick:  Entre  a ActivarEnvioFuncAuto(F)
[30-11-2021 10:53:46]  Mensaje desde OnTick:  Ejecutando ActivarEnvioFuncAuto(A)... 
[30-11-2021 10:53:46]  Mensaje desde tmrMonitorMQTKT_Tick:  Entre  a ActivarEnvioFuncAuto(A)
[30-11-2021 10:53:47]  Mensaje desde OnTick:  Ejecución del Timer tmrMonitorMQTKT_Tick : 30/11/2021 10:52:57 a. m.
[30-11-2021 10:53:47]  Mensaje desde OnTick:  Valor de intgMonitor : 1
[30-11-2021 10:53:47]  Mensaje desde OnTick:  Valor de strFormatoTiempoBitacoras : M
[30-11-2021 10:53:47]  Mensaje desde OnTick:  valor de dblCiclosBitacoras : 10
[30-11-2021 10:53:47]  Mensaje desde OnTick:  Valor de intTiempoBitacoras : 1
[30-11-2021 10:53:47]  Mensaje desde OnTick:  Ejecución del Timer tmrMonitorMQTKT_Tick : 30/11/2021 10:52:57 a. m.
[30-11-2021 10:53:47]  Mensaje desde OnTick:  Valor de intgMonitor : 1
[30-11-2021 10:53:47]  Mensaje desde OnTick:  Valor de strFormatoTiempoBitacoras : M
[30-11-2021 10:53:47]  Mensaje desde OnTick:  valor de dblCiclosBitacoras : 20
[30-11-2021 10:53:47]  Mensaje desde OnTick:  Valor de intTiempoBitacoras : 1
[30-11-2021 10:53:47]  Mensaje desde OnTick:  Ejecución del Timer tmrMonitorMQTKT_Tick : 30/11/2021 10:52:57 a. m.
[30-11-2021 10:53:47]  Mensaje desde OnTick:  Valor de intgMonitor : 1
[30-11-2021 10:53:47]  Mensaje desde OnTick:  Valor de strFormatoTiempoBitacoras : M
[30-11-2021 10:53:47]  Mensaje desde OnTick:  valor de dblCiclosBitacoras : 30
[30-11-2021 10:53:47]  Mensaje desde OnTick:  Valor de intTiempoBitacoras : 1
[30-11-2021 10:53:47]  Mensaje desde OnTick:  Ejecución del Timer tmrMonitorMQTKT_Tick : 30/11/2021 10:52:57 a. m.
[30-11-2021 10:53:47]  Mensaje desde OnTick:  Valor de intgMonitor : 1
[30-11-2021 10:53:47]  Mensaje desde OnTick:  Valor de strFormatoTiempoBitacoras : M
[30-11-2021 10:53:47]  Mensaje desde OnTick:  valor de dblCiclosBitacoras : 40
[30-11-2021 10:53:47]  Mensaje desde OnTick:  Valor de intTiempoBitacoras : 1
[30-11-2021 10:53:47]  Mensaje desde OnTick:  Ejecución del Timer tmrMonitorMQTKT_Tick : 30/11/2021 10:52:57 a. m.
[30-11-2021 10:53:47]  Mensaje desde OnTick:  Valor de intgMonitor : 1
[30-11-2021 10:53:47]  Mensaje desde OnTick:  Valor de strFormatoTiempoBitacoras : M
[30-11-2021 10:53:47]  Mensaje desde OnTick:  valor de dblCiclosBitacoras : 50
[30-11-2021 10:53:47]  Mensaje desde OnTick:  Valor de intTiempoBitacoras : 1
[30-11-2021 10:53:47]  Mensaje desde OnTick:  Ejecución del Timer tmrMonitorMQTKT_Tick : 30/11/2021 10:52:57 a. m.
[30-11-2021 10:53:47]  Mensaje desde OnTick:  Valor de intgMonitor : 1
[30-11-2021 10:53:47]  Mensaje desde OnTick:  Valor de strFormatoTiempoBitacoras : M
[30-11-2021 10:53:47]  Mensaje desde OnTick:  valor de dblCiclosBitacoras : 60
[30-11-2021 10:53:47]  Mensaje desde OnTick:  Valor de intTiempoBitacoras : 1
[30-11-2021 10:53:47]  Mensaje desde OnTick:  Ejecutando TmrBitacora()... 
[30-11-2021 10:53:49]  Mensaje desde OnTick:  Ejecutando TmrTKTMQ()... 
[30-11-2021 10:53:49]  Mensaje desde tmrMonitorMQTKT_Tick:  Estoy en... TmrTKTMQ()
